2024-11-28 *** 16:47:16 LogWrapper init() ./logs/AUDUSD.log
2024-11-28 *** 16:47:16 AUDUSD
2024-11-28 *** 16:48:24 Adding work : {'instrument': 'AUDUSD', 'ask': 0.64985, 'bid': 0.64966, 'time': datetime.datetime(2024, 11, 28, 17, 48, 20, 367000)}
2024-11-28 *** 16:48:26                   time     open     high      low    close  tick_volume  spread  real_volume    mid_h    mid_l    mid_c    mid_o    ask_h    ask_l    ask_c    ask_o    bid_h    bid_l    bid_c    bid_o  volume
0  2024-11-28 16:39:00  0.64986  0.65000  0.64986  0.65000           12      16            0  0.65000  0.64986  0.65000  0.64986  0.65160  0.65146  0.65160  0.65146  0.64840  0.64826  0.64840  0.64826      12
1  2024-11-28 16:40:00  0.65001  0.65010  0.65001  0.65009           19      16            0  0.65010  0.65001  0.65009  0.65001  0.65170  0.65161  0.65169  0.65161  0.64850  0.64841  0.64849  0.64841      19
2  2024-11-28 16:41:00  0.65009  0.65010  0.65002  0.65003           22      16            0  0.65010  0.65002  0.65003  0.65009  0.65170  0.65162  0.65163  0.65169  0.64850  0.64842  0.64843  0.64849      22
3  2024-11-28 16:42:00  0.65002  0.65004  0.64997  0.64997           13      16            0  0.65004  0.64997  0.64997  0.65002  0.65164  0.65157  0.65157  0.65162  0.64844  0.64837  0.64837  0.64842      13
4  2024-11-28 16:43:00  0.64997  0.64998  0.64989  0.64991           20      16            0  0.64998  0.64989  0.64991  0.64997  0.65158  0.65149  0.65151  0.65157  0.64838  0.64829  0.64831  0.64837      20
..                 ...      ...      ...      ...      ...          ...     ...          ...      ...      ...      ...      ...      ...      ...      ...      ...      ...      ...      ...      ...     ...
64 2024-11-28 17:43:00  0.64931  0.64936  0.64931  0.64935           33      15            0  0.64936  0.64931  0.64935  0.64931  0.65086  0.65081  0.65085  0.65081  0.64786  0.64781  0.64785  0.64781      33
65 2024-11-28 17:44:00  0.64934  0.64942  0.64934  0.64938           33      16            0  0.64942  0.64934  0.64938  0.64934  0.65102  0.65094  0.65098  0.65094  0.64782  0.64774  0.64778  0.64774      33
66 2024-11-28 17:45:00  0.64937  0.64952  0.64932  0.64951           55      15            0  0.64952  0.64932  0.64951  0.64937  0.65102  0.65082  0.65101  0.65087  0.64802  0.64782  0.64801  0.64787      55
67 2024-11-28 17:46:00  0.64952  0.64952  0.64945  0.64952           35      16            0  0.64952  0.64945  0.64952  0.64952  0.65112  0.65105  0.65112  0.65112  0.64792  0.64785  0.64792  0.64792      35
68 2024-11-28 17:47:00  0.64951  0.64969  0.64950  0.64968           52      17            0  0.64969  0.64950  0.64968  0.64951  0.65139  0.65120  0.65138  0.65121  0.64799  0.64780  0.64798  0.64781      52

[69 rows x 21 columns]
2024-11-28 *** 16:48:26 process_candles:
       PAIR                time    mid_c    mid_o    ATR_14     BB_UP     BB_MA     BB_LW   SL   TP  SPREAD   GAIN     LOSS  SIGNAL
 65  AUDUSD 2024-11-28 17:44:00  0.64938  0.64934       NaN  0.649414  0.649152  0.648890  0.0  0.0  0.0016  0.002  0.64938     0.0
 66  AUDUSD 2024-11-28 17:45:00  0.64951  0.64937       NaN  0.649503  0.649180  0.648857  0.0  0.0  0.0015  0.002  0.64951     0.0
 67  AUDUSD 2024-11-28 17:46:00  0.64952  0.64952       NaN  0.649593  0.649215  0.648837  0.0  0.0  0.0016  0.002  0.64952     0.0
 68  AUDUSD 2024-11-28 17:47:00  0.64968  0.64951  0.000115  0.649713  0.649268  0.648822  0.0  0.0  0.0017  0.002  0.64968     0.0
-1      NaN                 NaT      NaN      NaN       NaN       NaN       NaN       NaN  NaN  NaN     NaN    NaN      NaN     1.0
2024-11-28 *** 16:48:26 CandleWorker AUDUSD TradeDecision TradeDecision():0 nan dir:1.0 gain:nan loss:nan sl:nan  tp:nan
