2024-11-28 *** 16:47:16 LogWrapper init() ./logs/CADCHF.log
2024-11-28 *** 16:47:16 CADCHF
2024-11-28 *** 16:48:37 Adding work : {'instrument': 'CADCHF', 'ask': 0.63048, 'bid': 0.63032, 'time': datetime.datetime(2024, 11, 28, 17, 48, 33, 72000)}
2024-11-28 *** 16:48:39                   time     open     high      low    close  tick_volume  spread  real_volume    mid_h    mid_l    mid_c    mid_o    ask_h    ask_l    ask_c    ask_o    bid_h    bid_l    bid_c    bid_o  volume
0  2024-11-28 16:39:00  0.63046  0.63049  0.63044  0.63047           14      14            0  0.63049  0.63044  0.63047  0.63046  0.63189  0.63184  0.63187  0.63186  0.62909  0.62904  0.62907  0.62906      14
1  2024-11-28 16:40:00  0.63048  0.63058  0.63048  0.63058           14      15            0  0.63058  0.63048  0.63058  0.63048  0.63208  0.63198  0.63208  0.63198  0.62908  0.62898  0.62908  0.62898      14
2  2024-11-28 16:41:00  0.63058  0.63065  0.63058  0.63064           27      14            0  0.63065  0.63058  0.63064  0.63058  0.63205  0.63198  0.63204  0.63198  0.62925  0.62918  0.62924  0.62918      27
3  2024-11-28 16:42:00  0.63064  0.63065  0.63063  0.63063           14      14            0  0.63065  0.63063  0.63063  0.63064  0.63205  0.63203  0.63203  0.63204  0.62925  0.62923  0.62923  0.62924      14
4  2024-11-28 16:43:00  0.63063  0.63072  0.63061  0.63071           22      13            0  0.63072  0.63061  0.63071  0.63063  0.63202  0.63191  0.63201  0.63193  0.62942  0.62931  0.62941  0.62933      22
..                 ...      ...      ...      ...      ...          ...     ...          ...      ...      ...      ...      ...      ...      ...      ...      ...      ...      ...      ...      ...     ...
64 2024-11-28 17:43:00  0.63037  0.63037  0.63028  0.63028           31      13            0  0.63037  0.63028  0.63028  0.63037  0.63167  0.63158  0.63158  0.63167  0.62907  0.62898  0.62898  0.62907      31
65 2024-11-28 17:44:00  0.63027  0.63038  0.63024  0.63034           65      14            0  0.63038  0.63024  0.63034  0.63027  0.63178  0.63164  0.63174  0.63167  0.62898  0.62884  0.62894  0.62887      65
66 2024-11-28 17:45:00  0.63035  0.63039  0.63033  0.63036           65      14            0  0.63039  0.63033  0.63036  0.63035  0.63179  0.63173  0.63176  0.63175  0.62899  0.62893  0.62896  0.62895      65
67 2024-11-28 17:46:00  0.63035  0.63043  0.63035  0.63037           68      14            0  0.63043  0.63035  0.63037  0.63035  0.63183  0.63175  0.63177  0.63175  0.62903  0.62895  0.62897  0.62895      68
68 2024-11-28 17:47:00  0.63036  0.63037  0.63031  0.63032           31      14            0  0.63037  0.63031  0.63032  0.63036  0.63177  0.63171  0.63172  0.63176  0.62897  0.62891  0.62892  0.62896      31

[69 rows x 21 columns]
2024-11-28 *** 16:48:41 process_candles:
       PAIR                time    mid_c    mid_o    ATR_14     BB_UP     BB_MA     BB_LW       SL       TP  SPREAD   GAIN     LOSS  SIGNAL
 65  CADCHF 2024-11-28 17:44:00  0.63034  0.63027       NaN  0.630456  0.630331  0.630206  0.00000  0.00000  0.0014  0.002  0.63034     0.0
 66  CADCHF 2024-11-28 17:45:00  0.63036  0.63035       NaN  0.630422  0.630348  0.630275  0.00000  0.00000  0.0014  0.002  0.63036     0.0
 67  CADCHF 2024-11-28 17:46:00  0.63037  0.63035       NaN  0.630427  0.630355  0.630283  0.62837  0.63237  0.0014  0.002  0.00200     1.0
 68  CADCHF 2024-11-28 17:47:00  0.63032  0.63036  0.000087  0.630419  0.630350  0.630281  0.00000  0.00000  0.0014  0.002  0.63032     0.0
-1      NaN                 NaT      NaN      NaN       NaN       NaN       NaN       NaN      NaN      NaN     NaN    NaN      NaN     1.0
2024-11-28 *** 16:48:41 CandleWorker CADCHF TradeDecision TradeDecision():0 nan dir:1.0 gain:nan loss:nan sl:nan  tp:nan
