2024-11-28 *** 16:47:16 LogWrapper init() ./logs/EURGBP.log
2024-11-28 *** 16:47:16 EURGBP
2024-11-28 *** 16:47:57 Adding work : {'instrument': 'EURGBP', 'ask': 0.83205, 'bid': 0.83193, 'time': datetime.datetime(2024, 11, 28, 17, 47, 53, 232000)}
2024-11-28 *** 16:47:59                   time     open     high      low    close  tick_volume  spread  real_volume    mid_h    mid_l    mid_c    mid_o    ask_h    ask_l    ask_c    ask_o    bid_h    bid_l    bid_c    bid_o  volume
0  2024-11-28 16:38:00  0.83195  0.83195  0.83190  0.83192           24      11            0  0.83195  0.83190  0.83192  0.83195  0.83305  0.83300  0.83302  0.83305  0.83085  0.83080  0.83082  0.83085      24
1  2024-11-28 16:39:00  0.83192  0.83206  0.83192  0.83205           33       9            0  0.83206  0.83192  0.83205  0.83192  0.83296  0.83282  0.83295  0.83282  0.83116  0.83102  0.83115  0.83102      33
2  2024-11-28 16:40:00  0.83204  0.83205  0.83199  0.83203           21      10            0  0.83205  0.83199  0.83203  0.83204  0.83305  0.83299  0.83303  0.83304  0.83105  0.83099  0.83103  0.83104      21
3  2024-11-28 16:41:00  0.83204  0.83211  0.83199  0.83201           33      10            0  0.83211  0.83199  0.83201  0.83204  0.83311  0.83299  0.83301  0.83304  0.83111  0.83099  0.83101  0.83104      33
4  2024-11-28 16:42:00  0.83202  0.83203  0.83195  0.83195           22      10            0  0.83203  0.83195  0.83195  0.83202  0.83303  0.83295  0.83295  0.83302  0.83103  0.83095  0.83095  0.83102      22
..                 ...      ...      ...      ...      ...          ...     ...          ...      ...      ...      ...      ...      ...      ...      ...      ...      ...      ...      ...      ...     ...
64 2024-11-28 17:42:00  0.83196  0.83200  0.83191  0.83191           42      10            0  0.83200  0.83191  0.83191  0.83196  0.83300  0.83291  0.83291  0.83296  0.83100  0.83091  0.83091  0.83096      42
65 2024-11-28 17:43:00  0.83191  0.83202  0.83191  0.83202           45      10            0  0.83202  0.83191  0.83202  0.83191  0.83302  0.83291  0.83302  0.83291  0.83102  0.83091  0.83102  0.83091      45
66 2024-11-28 17:44:00  0.83201  0.83206  0.83184  0.83187           51      10            0  0.83206  0.83184  0.83187  0.83201  0.83306  0.83284  0.83287  0.83301  0.83106  0.83084  0.83087  0.83101      51
67 2024-11-28 17:45:00  0.83184  0.83186  0.83172  0.83182           68      10            0  0.83186  0.83172  0.83182  0.83184  0.83286  0.83272  0.83282  0.83284  0.83086  0.83072  0.83082  0.83084      68
68 2024-11-28 17:46:00  0.83182  0.83194  0.83178  0.83194           55      10            0  0.83194  0.83178  0.83194  0.83182  0.83294  0.83278  0.83294  0.83282  0.83094  0.83078  0.83094  0.83082      55

[69 rows x 21 columns]
2024-11-28 *** 16:48:00 process_candles:
       PAIR                time    mid_c    mid_o    ATR_14     BB_UP     BB_MA     BB_LW   SL   TP  SPREAD   GAIN     LOSS  SIGNAL
 65  EURGBP 2024-11-28 17:43:00  0.83202  0.83191       NaN  0.832300  0.832069  0.831837  0.0  0.0   0.001  0.002  0.83202     0.0
 66  EURGBP 2024-11-28 17:44:00  0.83187  0.83201       NaN  0.832262  0.832039  0.831817  0.0  0.0   0.001  0.002  0.83187     0.0
 67  EURGBP 2024-11-28 17:45:00  0.83182  0.83184       NaN  0.832241  0.832000  0.831759  0.0  0.0   0.001  0.002  0.83182     0.0
 68  EURGBP 2024-11-28 17:46:00  0.83194  0.83182  0.000117  0.832179  0.831970  0.831761  0.0  0.0   0.001  0.002  0.83194     0.0
-1      NaN                 NaT      NaN      NaN       NaN       NaN       NaN       NaN  NaN  NaN     NaN    NaN      NaN     1.0
2024-11-28 *** 16:48:00 CandleWorker EURGBP TradeDecision TradeDecision():0 nan dir:1.0 gain:nan loss:nan sl:nan  tp:nan
