2024-11-28 *** 16:47:16 LogWrapper init() ./logs/EURJPY.log
2024-11-28 *** 16:47:16 EURJPY
2024-11-28 *** 16:47:41 Adding work : {'instrument': 'EURJPY', 'ask': 159.838, 'bid': 159.82, 'time': datetime.datetime(2024, 11, 28, 17, 47, 34, 736000)}
2024-11-28 *** 16:47:42                   time     open     high      low    close  tick_volume  spread  real_volume    mid_h    mid_l    mid_c    mid_o    ask_h    ask_l    ask_c    ask_o    bid_h    bid_l    bid_c    bid_o  volume
0  2024-11-28 16:38:00  159.669  159.674  159.654  159.674           33      17            0  159.674  159.654  159.674  159.669  159.844  159.824  159.844  159.839  159.504  159.484  159.504  159.499      33
1  2024-11-28 16:39:00  159.674  159.710  159.672  159.707           48      14            0  159.710  159.672  159.707  159.674  159.850  159.812  159.847  159.814  159.570  159.532  159.567  159.534      48
2  2024-11-28 16:40:00  159.706  159.721  159.696  159.720           41      15            0  159.721  159.696  159.720  159.706  159.871  159.846  159.870  159.856  159.571  159.546  159.570  159.556      41
3  2024-11-28 16:41:00  159.720  159.746  159.712  159.727           68      14            0  159.746  159.712  159.727  159.720  159.886  159.852  159.867  159.860  159.606  159.572  159.587  159.580      68
4  2024-11-28 16:42:00  159.727  159.753  159.722  159.733           45      15            0  159.753  159.722  159.733  159.727  159.903  159.872  159.883  159.877  159.603  159.572  159.583  159.577      45
..                 ...      ...      ...      ...      ...          ...     ...          ...      ...      ...      ...      ...      ...      ...      ...      ...      ...      ...      ...      ...     ...
64 2024-11-28 17:42:00  159.764  159.792  159.763  159.778           88      12            0  159.792  159.763  159.778  159.764  159.912  159.883  159.898  159.884  159.672  159.643  159.658  159.644      88
65 2024-11-28 17:43:00  159.778  159.831  159.778  159.823           69      14            0  159.831  159.778  159.823  159.778  159.971  159.918  159.963  159.918  159.691  159.638  159.683  159.638      69
66 2024-11-28 17:44:00  159.822  159.831  159.812  159.818           72      15            0  159.831  159.812  159.818  159.822  159.981  159.962  159.968  159.972  159.681  159.662  159.668  159.672      72
67 2024-11-28 17:45:00  159.818  159.839  159.791  159.838           86      14            0  159.839  159.791  159.838  159.818  159.979  159.931  159.978  159.958  159.699  159.651  159.698  159.678      86
68 2024-11-28 17:46:00  159.838  159.849  159.827  159.849           84      11            0  159.849  159.827  159.849  159.838  159.959  159.937  159.959  159.948  159.739  159.717  159.739  159.728      84

[69 rows x 21 columns]
2024-11-28 *** 16:47:43 process_candles:
       PAIR                time    mid_c    mid_o    ATR_14       BB_UP       BB_MA       BB_LW   SL   TP  SPREAD  GAIN     LOSS  SIGNAL
 65  EURJPY 2024-11-28 17:43:00  159.823  159.778       NaN  159.870984  159.806000  159.741016  0.0  0.0    0.14   0.2  159.823     0.0
 66  EURJPY 2024-11-28 17:44:00  159.818  159.822       NaN  159.863895  159.803600  159.743305  0.0  0.0    0.15   0.2  159.818     0.0
 67  EURJPY 2024-11-28 17:45:00  159.838  159.818       NaN  159.856854  159.801500  159.746146  0.0  0.0    0.14   0.2  159.838     0.0
 68  EURJPY 2024-11-28 17:46:00  159.849  159.838  0.033357  159.856134  159.801333  159.746532  0.0  0.0    0.11   0.2  159.849     0.0
-1      NaN                 NaT      NaN      NaN       NaN         NaN         NaN         NaN  NaN  NaN     NaN   NaN      NaN     1.0
2024-11-28 *** 16:47:43 CandleWorker EURJPY TradeDecision TradeDecision():0 nan dir:1.0 gain:nan loss:nan sl:nan  tp:nan
