2024-11-28 *** 16:47:16 LogWrapper init() ./logs/GBPCHF.log
2024-11-28 *** 16:47:16 GBPCHF
2024-11-28 *** 16:48:10 Adding work : {'instrument': 'GBPCHF', 'ask': 1.12013, 'bid': 1.11995, 'time': datetime.datetime(2024, 11, 28, 17, 48, 5, 295000)}
2024-11-28 *** 16:48:12                   time     open     high      low    close  tick_volume  spread  real_volume    mid_h    mid_l    mid_c    mid_o    ask_h    ask_l    ask_c    ask_o    bid_h    bid_l    bid_c    bid_o  volume
0  2024-11-28 16:39:00  1.11896  1.11899  1.11890  1.11893           31      20            0  1.11899  1.11890  1.11893  1.11896  1.12099  1.12090  1.12093  1.12096  1.11699  1.11690  1.11693  1.11696      31
1  2024-11-28 16:40:00  1.11893  1.11901  1.11892  1.11896           18      16            0  1.11901  1.11892  1.11896  1.11893  1.12061  1.12052  1.12056  1.12053  1.11741  1.11732  1.11736  1.11733      18
2  2024-11-28 16:41:00  1.11896  1.11907  1.11894  1.11904           36      14            0  1.11907  1.11894  1.11904  1.11896  1.12047  1.12034  1.12044  1.12036  1.11767  1.11754  1.11764  1.11756      36
3  2024-11-28 16:42:00  1.11904  1.11924  1.11902  1.11922           42      14            0  1.11924  1.11902  1.11922  1.11904  1.12064  1.12042  1.12062  1.12044  1.11784  1.11762  1.11782  1.11764      42
4  2024-11-28 16:43:00  1.11922  1.11938  1.11919  1.11933           27      12            0  1.11938  1.11919  1.11933  1.11922  1.12058  1.12039  1.12053  1.12042  1.11818  1.11799  1.11813  1.11802      27
..                 ...      ...      ...      ...      ...          ...     ...          ...      ...      ...      ...      ...      ...      ...      ...      ...      ...      ...      ...      ...     ...
64 2024-11-28 17:43:00  1.11977  1.11983  1.11975  1.11975           34      13            0  1.11983  1.11975  1.11975  1.11977  1.12113  1.12105  1.12105  1.12107  1.11853  1.11845  1.11845  1.11847      34
65 2024-11-28 17:44:00  1.11975  1.11997  1.11969  1.11994           66      14            0  1.11997  1.11969  1.11994  1.11975  1.12137  1.12109  1.12134  1.12115  1.11857  1.11829  1.11854  1.11835      66
66 2024-11-28 17:45:00  1.11993  1.12005  1.11987  1.12004           83      12            0  1.12005  1.11987  1.12004  1.11993  1.12125  1.12107  1.12124  1.12113  1.11885  1.11867  1.11884  1.11873      83
67 2024-11-28 17:46:00  1.12004  1.12008  1.11981  1.11983           88      16            0  1.12008  1.11981  1.11983  1.12004  1.12168  1.12141  1.12143  1.12164  1.11848  1.11821  1.11823  1.11844      88
68 2024-11-28 17:47:00  1.11982  1.12000  1.11980  1.11999           65      16            0  1.12000  1.11980  1.11999  1.11982  1.12160  1.12140  1.12159  1.12142  1.11840  1.11820  1.11839  1.11822      65

[69 rows x 21 columns]
2024-11-28 *** 16:48:13 process_candles:
       PAIR                time    mid_c    mid_o    ATR_14     BB_UP     BB_MA     BB_LW   SL   TP  SPREAD   GAIN     LOSS  SIGNAL
 65  GBPCHF 2024-11-28 17:44:00  1.11994  1.11975       NaN  1.119880  1.119717  1.119555  0.0  0.0  0.0014  0.002  1.11994     0.0
 66  GBPCHF 2024-11-28 17:45:00  1.12004  1.11993       NaN  1.119976  1.119740  1.119505  0.0  0.0  0.0012  0.002  1.12004     0.0
 67  GBPCHF 2024-11-28 17:46:00  1.11983  1.12004       NaN  1.120011  1.119753  1.119495  0.0  0.0  0.0016  0.002  1.11983     0.0
 68  GBPCHF 2024-11-28 17:47:00  1.11999  1.11982  0.000162  1.120054  1.119775  1.119496  0.0  0.0  0.0016  0.002  1.11999     0.0
-1      NaN                 NaT      NaN      NaN       NaN       NaN       NaN       NaN  NaN  NaN     NaN    NaN      NaN     1.0
2024-11-28 *** 16:48:13 CandleWorker GBPCHF TradeDecision TradeDecision():0 nan dir:1.0 gain:nan loss:nan sl:nan  tp:nan
