2024-11-28 *** 16:47:16 LogWrapper init() ./logs/USDCAD.log
2024-11-28 *** 16:47:16 USDCAD
2024-11-28 *** 16:48:18 Adding work : {'instrument': 'USDCAD', 'ask': 1.40161, 'bid': 1.40144, 'time': datetime.datetime(2024, 11, 28, 17, 48, 8, 752000)}
2024-11-28 *** 16:48:19                   time     open     high      low    close  tick_volume  spread  real_volume    mid_h    mid_l    mid_c    mid_o    ask_h    ask_l    ask_c    ask_o    bid_h    bid_l    bid_c    bid_o  volume
0  2024-11-28 16:39:00  1.40116  1.40117  1.40094  1.40094           28      15            0  1.40117  1.40094  1.40094  1.40116  1.40267  1.40244  1.40244  1.40266  1.39967  1.39944  1.39944  1.39966      28
1  2024-11-28 16:40:00  1.40095  1.40095  1.40065  1.40066           42      15            0  1.40095  1.40065  1.40066  1.40095  1.40245  1.40215  1.40216  1.40245  1.39945  1.39915  1.39916  1.39945      42
2  2024-11-28 16:41:00  1.40065  1.40066  1.40053  1.40056           45      16            0  1.40066  1.40053  1.40056  1.40065  1.40226  1.40213  1.40216  1.40225  1.39906  1.39893  1.39896  1.39905      45
3  2024-11-28 16:42:00  1.40056  1.40066  1.40055  1.40064           34      15            0  1.40066  1.40055  1.40064  1.40056  1.40216  1.40205  1.40214  1.40206  1.39916  1.39905  1.39914  1.39906      34
4  2024-11-28 16:43:00  1.40065  1.40069  1.40054  1.40057           32      16            0  1.40069  1.40054  1.40057  1.40065  1.40229  1.40214  1.40217  1.40225  1.39909  1.39894  1.39897  1.39905      32
..                 ...      ...      ...      ...      ...          ...     ...          ...      ...      ...      ...      ...      ...      ...      ...      ...      ...      ...      ...      ...     ...
64 2024-11-28 17:43:00  1.40162  1.40164  1.40156  1.40159           23      15            0  1.40164  1.40156  1.40159  1.40162  1.40314  1.40306  1.40309  1.40312  1.40014  1.40006  1.40009  1.40012      23
65 2024-11-28 17:44:00  1.40160  1.40160  1.40154  1.40156           52      15            0  1.40160  1.40154  1.40156  1.40160  1.40310  1.40304  1.40306  1.40310  1.40010  1.40004  1.40006  1.40010      52
66 2024-11-28 17:45:00  1.40155  1.40158  1.40143  1.40146           83      15            0  1.40158  1.40143  1.40146  1.40155  1.40308  1.40293  1.40296  1.40305  1.40008  1.39993  1.39996  1.40005      83
67 2024-11-28 17:46:00  1.40147  1.40149  1.40141  1.40141           56      15            0  1.40149  1.40141  1.40141  1.40147  1.40299  1.40291  1.40291  1.40297  1.39999  1.39991  1.39991  1.39997      56
68 2024-11-28 17:47:00  1.40140  1.40147  1.40140  1.40143           41      16            0  1.40147  1.40140  1.40143  1.40140  1.40307  1.40300  1.40303  1.40300  1.39987  1.39980  1.39983  1.39980      41

[69 rows x 21 columns]
2024-11-28 *** 16:48:20 process_candles:
       PAIR                time    mid_c    mid_o    ATR_14     BB_UP     BB_MA     BB_LW   SL   TP  SPREAD   GAIN     LOSS  SIGNAL
 65  USDCAD 2024-11-28 17:44:00  1.40156  1.40160       NaN  1.401829  1.401641  1.401453  0.0  0.0  0.0015  0.002  1.40156     0.0
 66  USDCAD 2024-11-28 17:45:00  1.40146  1.40155       NaN  1.401781  1.401610  1.401438  0.0  0.0  0.0015  0.002  1.40146     0.0
 67  USDCAD 2024-11-28 17:46:00  1.40141  1.40147       NaN  1.401794  1.401591  1.401388  0.0  0.0  0.0015  0.002  1.40141     0.0
 68  USDCAD 2024-11-28 17:47:00  1.40143  1.40140  0.000149  1.401804  1.401585  1.401366  0.0  0.0  0.0016  0.002  1.40143     0.0
-1      NaN                 NaT      NaN      NaN       NaN       NaN       NaN       NaN  NaN  NaN     NaN    NaN      NaN     1.0
2024-11-28 *** 16:48:20 CandleWorker USDCAD TradeDecision TradeDecision():0 nan dir:1.0 gain:nan loss:nan sl:nan  tp:nan
